Analysis & Synthesis report for top
Wed Feb 25 18:11:00 2015
Quartus II 64-Bit Version 14.0.0 Build 200 06/17/2014 SJ Full Version


---------------------
; Table of Contents ;
---------------------
  1. Legal Notice
  2. Analysis & Synthesis Summary
  3. Analysis & Synthesis Settings
  4. Parallel Compilation
  5. Analysis & Synthesis Source Files Read
  6. Analysis & Synthesis Resource Usage Summary
  7. Analysis & Synthesis Resource Utilization by Entity
  8. State Machine - |top|current_state
  9. Registers Removed During Synthesis
 10. General Register Statistics
 11. Inverted Register Statistics
 12. Port Connectivity Checks: "dflipflop:Counter3"
 13. Port Connectivity Checks: "dflipflop:Counter2"
 14. Port Connectivity Checks: "dflipflop:Counter1"
 15. Port Connectivity Checks: "dflipflop:Counter0"
 16. Post-Synthesis Netlist Statistics for Top Partition
 17. Elapsed Time Per Partition
 18. Analysis & Synthesis Messages



----------------
; Legal Notice ;
----------------
Copyright (C) 1991-2014 Altera Corporation. All rights reserved.
Your use of Altera Corporation's design tools, logic functions 
and other software and tools, and its AMPP partner logic 
functions, and any output files from any of the foregoing 
(including device programming or simulation files), and any 
associated documentation or information are expressly subject 
to the terms and conditions of the Altera Program License 
Subscription Agreement, the Altera Quartus II License Agreement,
the Altera MegaCore Function License Agreement, or other 
applicable license agreement, including, without limitation, 
that your use is for the sole purpose of programming logic 
devices manufactured by Altera and sold by Altera or its 
authorized distributors.  Please refer to the applicable 
agreement for further details.



+----------------------------------------------------------------------------------+
; Analysis & Synthesis Summary                                                     ;
+------------------------------------+---------------------------------------------+
; Analysis & Synthesis Status        ; Successful - Wed Feb 25 18:11:00 2015       ;
; Quartus II 64-Bit Version          ; 14.0.0 Build 200 06/17/2014 SJ Full Version ;
; Revision Name                      ; top                                         ;
; Top-level Entity Name              ; top                                         ;
; Family                             ; Cyclone IV E                                ;
; Total logic elements               ; 130                                         ;
;     Total combinational functions  ; 130                                         ;
;     Dedicated logic registers      ; 101                                         ;
; Total registers                    ; 101                                         ;
; Total pins                         ; 66                                          ;
; Total virtual pins                 ; 0                                           ;
; Total memory bits                  ; 0                                           ;
; Embedded Multiplier 9-bit elements ; 0                                           ;
; Total PLLs                         ; 0                                           ;
+------------------------------------+---------------------------------------------+


+----------------------------------------------------------------------------------------------------------------------+
; Analysis & Synthesis Settings                                                                                        ;
+----------------------------------------------------------------------------+--------------------+--------------------+
; Option                                                                     ; Setting            ; Default Value      ;
+----------------------------------------------------------------------------+--------------------+--------------------+
; Device                                                                     ; EP4CE22F17C6       ;                    ;
; Top-level entity name                                                      ; top                ; top                ;
; Family name                                                                ; Cyclone IV E       ; Cyclone IV GX      ;
; Use smart compilation                                                      ; Off                ; Off                ;
; Enable parallel Assembler and TimeQuest Timing Analyzer during compilation ; On                 ; On                 ;
; Enable compact report table                                                ; Off                ; Off                ;
; Restructure Multiplexers                                                   ; Auto               ; Auto               ;
; Create Debugging Nodes for IP Cores                                        ; Off                ; Off                ;
; Preserve fewer node names                                                  ; On                 ; On                 ;
; Disable OpenCore Plus hardware evaluation                                  ; Off                ; Off                ;
; Verilog Version                                                            ; Verilog_2001       ; Verilog_2001       ;
; VHDL Version                                                               ; VHDL_1993          ; VHDL_1993          ;
; State Machine Processing                                                   ; Auto               ; Auto               ;
; Safe State Machine                                                         ; Off                ; Off                ;
; Extract Verilog State Machines                                             ; On                 ; On                 ;
; Extract VHDL State Machines                                                ; On                 ; On                 ;
; Ignore Verilog initial constructs                                          ; Off                ; Off                ;
; Iteration limit for constant Verilog loops                                 ; 5000               ; 5000               ;
; Iteration limit for non-constant Verilog loops                             ; 250                ; 250                ;
; Add Pass-Through Logic to Inferred RAMs                                    ; On                 ; On                 ;
; Infer RAMs from Raw Logic                                                  ; On                 ; On                 ;
; Parallel Synthesis                                                         ; On                 ; On                 ;
; DSP Block Balancing                                                        ; Auto               ; Auto               ;
; NOT Gate Push-Back                                                         ; On                 ; On                 ;
; Power-Up Don't Care                                                        ; On                 ; On                 ;
; Remove Redundant Logic Cells                                               ; Off                ; Off                ;
; Remove Duplicate Registers                                                 ; On                 ; On                 ;
; Ignore CARRY Buffers                                                       ; Off                ; Off                ;
; Ignore CASCADE Buffers                                                     ; Off                ; Off                ;
; Ignore GLOBAL Buffers                                                      ; Off                ; Off                ;
; Ignore ROW GLOBAL Buffers                                                  ; Off                ; Off                ;
; Ignore LCELL Buffers                                                       ; Off                ; Off                ;
; Ignore SOFT Buffers                                                        ; On                 ; On                 ;
; Limit AHDL Integers to 32 Bits                                             ; Off                ; Off                ;
; Optimization Technique                                                     ; Balanced           ; Balanced           ;
; Carry Chain Length                                                         ; 70                 ; 70                 ;
; Auto Carry Chains                                                          ; On                 ; On                 ;
; Auto Open-Drain Pins                                                       ; On                 ; On                 ;
; Perform WYSIWYG Primitive Resynthesis                                      ; Off                ; Off                ;
; Auto ROM Replacement                                                       ; On                 ; On                 ;
; Auto RAM Replacement                                                       ; On                 ; On                 ;
; Auto DSP Block Replacement                                                 ; On                 ; On                 ;
; Auto Shift Register Replacement                                            ; Auto               ; Auto               ;
; Allow Shift Register Merging across Hierarchies                            ; Auto               ; Auto               ;
; Auto Clock Enable Replacement                                              ; On                 ; On                 ;
; Strict RAM Replacement                                                     ; Off                ; Off                ;
; Allow Synchronous Control Signals                                          ; On                 ; On                 ;
; Force Use of Synchronous Clear Signals                                     ; Off                ; Off                ;
; Auto RAM Block Balancing                                                   ; On                 ; On                 ;
; Auto RAM to Logic Cell Conversion                                          ; Off                ; Off                ;
; Auto Resource Sharing                                                      ; Off                ; Off                ;
; Allow Any RAM Size For Recognition                                         ; Off                ; Off                ;
; Allow Any ROM Size For Recognition                                         ; Off                ; Off                ;
; Allow Any Shift Register Size For Recognition                              ; Off                ; Off                ;
; Use LogicLock Constraints during Resource Balancing                        ; On                 ; On                 ;
; Ignore translate_off and synthesis_off directives                          ; Off                ; Off                ;
; Timing-Driven Synthesis                                                    ; On                 ; On                 ;
; Report Parameter Settings                                                  ; On                 ; On                 ;
; Report Source Assignments                                                  ; On                 ; On                 ;
; Report Connectivity Checks                                                 ; On                 ; On                 ;
; Ignore Maximum Fan-Out Assignments                                         ; Off                ; Off                ;
; Synchronization Register Chain Length                                      ; 2                  ; 2                  ;
; PowerPlay Power Optimization                                               ; Normal compilation ; Normal compilation ;
; HDL message level                                                          ; Level2             ; Level2             ;
; Suppress Register Optimization Related Messages                            ; Off                ; Off                ;
; Number of Removed Registers Reported in Synthesis Report                   ; 5000               ; 5000               ;
; Number of Swept Nodes Reported in Synthesis Report                         ; 5000               ; 5000               ;
; Number of Inverted Registers Reported in Synthesis Report                  ; 100                ; 100                ;
; Clock MUX Protection                                                       ; On                 ; On                 ;
; Auto Gated Clock Conversion                                                ; Off                ; Off                ;
; Block Design Naming                                                        ; Auto               ; Auto               ;
; SDC constraint protection                                                  ; Off                ; Off                ;
; Synthesis Effort                                                           ; Auto               ; Auto               ;
; Shift Register Replacement - Allow Asynchronous Clear Signal               ; On                 ; On                 ;
; Pre-Mapping Resynthesis Optimization                                       ; Off                ; Off                ;
; Analysis & Synthesis Message Level                                         ; Medium             ; Medium             ;
; Disable Register Merging Across Hierarchies                                ; Auto               ; Auto               ;
; Resource Aware Inference For Block RAM                                     ; On                 ; On                 ;
; Synthesis Seed                                                             ; 1                  ; 1                  ;
+----------------------------------------------------------------------------+--------------------+--------------------+


+------------------------------------------+
; Parallel Compilation                     ;
+----------------------------+-------------+
; Processors                 ; Number      ;
+----------------------------+-------------+
; Number detected on machine ; 8           ;
; Maximum allowed            ; 4           ;
;                            ;             ;
; Average used               ; 2.50        ;
; Maximum used               ; 4           ;
;                            ;             ;
; Usage by Processor         ; % Time Used ;
;     Processor 1            ; 100.0%      ;
;     Processors 2-4         ;  50.0%      ;
;     Processors 5-8         ;   0.0%      ;
+----------------------------+-------------+


+------------------------------------------------------------------------------------------------------------------------------------+
; Analysis & Synthesis Source Files Read                                                                                             ;
+----------------------------------+-----------------+-----------------+---------------------------------------------------+---------+
; File Name with User-Entered Path ; Used in Netlist ; File Type       ; File Name with Absolute Path                      ; Library ;
+----------------------------------+-----------------+-----------------+---------------------------------------------------+---------+
; top.vhd                          ; yes             ; User VHDL File  ; E:/Non-bootFiles/EELE-367/Lab5/top.vhd            ;         ;
; dflipflop.vhd                    ; yes             ; User VHDL File  ; E:/Non-bootFiles/EELE-367/Lab5/dflipflop.vhd      ;         ;
; clock_div_2ton.vhd               ; yes             ; User VHDL File  ; E:/Non-bootFiles/EELE-367/Lab5/clock_div_2ton.vhd ;         ;
+----------------------------------+-----------------+-----------------+---------------------------------------------------+---------+


+-----------------------------------------------------------+
; Analysis & Synthesis Resource Usage Summary               ;
+---------------------------------------------+-------------+
; Resource                                    ; Usage       ;
+---------------------------------------------+-------------+
; Estimated Total logic elements              ; 130         ;
;                                             ;             ;
; Total combinational functions               ; 130         ;
; Logic element usage by number of LUT inputs ;             ;
;     -- 4 input functions                    ; 16          ;
;     -- 3 input functions                    ; 43          ;
;     -- <=2 input functions                  ; 71          ;
;                                             ;             ;
; Logic elements by mode                      ;             ;
;     -- normal mode                          ; 130         ;
;     -- arithmetic mode                      ; 0           ;
;                                             ;             ;
; Total registers                             ; 101         ;
;     -- Dedicated logic registers            ; 101         ;
;     -- I/O registers                        ; 0           ;
;                                             ;             ;
; I/O pins                                    ; 66          ;
; Embedded Multiplier 9-bit elements          ; 0           ;
; Maximum fan-out node                        ; Reset~input ;
; Maximum fan-out                             ; 101         ;
; Total fan-out                               ; 675         ;
; Average fan-out                             ; 1.86        ;
+---------------------------------------------+-------------+


+----------------------------------------------------------------------------------------------------------------------------------------------------------------------------------------------------------+
; Analysis & Synthesis Resource Utilization by Entity                                                                                                                                                      ;
+-------------------------------+-------------------+--------------+-------------+--------------+---------+-----------+------+--------------+-----------------------------------------------+--------------+
; Compilation Hierarchy Node    ; LC Combinationals ; LC Registers ; Memory Bits ; DSP Elements ; DSP 9x9 ; DSP 18x18 ; Pins ; Virtual Pins ; Full Hierarchy Name                           ; Library Name ;
+-------------------------------+-------------------+--------------+-------------+--------------+---------+-----------+------+--------------+-----------------------------------------------+--------------+
; |top                          ; 130 (44)          ; 101 (38)     ; 0           ; 0            ; 0       ; 0         ; 66   ; 0            ; |top                                          ; work         ;
;    |clock_div_2ton:ClockDiv1| ; 86 (23)           ; 63 (0)       ; 0           ; 0            ; 0       ; 0         ; 0    ; 0            ; |top|clock_div_2ton:ClockDiv1                 ; work         ;
;       |dflipflop:DFF0|        ; 2 (2)             ; 2 (2)        ; 0           ; 0            ; 0       ; 0         ; 0    ; 0            ; |top|clock_div_2ton:ClockDiv1|dflipflop:DFF0  ; work         ;
;       |dflipflop:DFF10|       ; 2 (2)             ; 2 (2)        ; 0           ; 0            ; 0       ; 0         ; 0    ; 0            ; |top|clock_div_2ton:ClockDiv1|dflipflop:DFF10 ; work         ;
;       |dflipflop:DFF11|       ; 2 (2)             ; 2 (2)        ; 0           ; 0            ; 0       ; 0         ; 0    ; 0            ; |top|clock_div_2ton:ClockDiv1|dflipflop:DFF11 ; work         ;
;       |dflipflop:DFF12|       ; 2 (2)             ; 2 (2)        ; 0           ; 0            ; 0       ; 0         ; 0    ; 0            ; |top|clock_div_2ton:ClockDiv1|dflipflop:DFF12 ; work         ;
;       |dflipflop:DFF13|       ; 2 (2)             ; 2 (2)        ; 0           ; 0            ; 0       ; 0         ; 0    ; 0            ; |top|clock_div_2ton:ClockDiv1|dflipflop:DFF13 ; work         ;
;       |dflipflop:DFF14|       ; 2 (2)             ; 2 (2)        ; 0           ; 0            ; 0       ; 0         ; 0    ; 0            ; |top|clock_div_2ton:ClockDiv1|dflipflop:DFF14 ; work         ;
;       |dflipflop:DFF15|       ; 2 (2)             ; 2 (2)        ; 0           ; 0            ; 0       ; 0         ; 0    ; 0            ; |top|clock_div_2ton:ClockDiv1|dflipflop:DFF15 ; work         ;
;       |dflipflop:DFF16|       ; 2 (2)             ; 2 (2)        ; 0           ; 0            ; 0       ; 0         ; 0    ; 0            ; |top|clock_div_2ton:ClockDiv1|dflipflop:DFF16 ; work         ;
;       |dflipflop:DFF17|       ; 2 (2)             ; 2 (2)        ; 0           ; 0            ; 0       ; 0         ; 0    ; 0            ; |top|clock_div_2ton:ClockDiv1|dflipflop:DFF17 ; work         ;
;       |dflipflop:DFF18|       ; 2 (2)             ; 2 (2)        ; 0           ; 0            ; 0       ; 0         ; 0    ; 0            ; |top|clock_div_2ton:ClockDiv1|dflipflop:DFF18 ; work         ;
;       |dflipflop:DFF19|       ; 2 (2)             ; 2 (2)        ; 0           ; 0            ; 0       ; 0         ; 0    ; 0            ; |top|clock_div_2ton:ClockDiv1|dflipflop:DFF19 ; work         ;
;       |dflipflop:DFF1|        ; 2 (2)             ; 2 (2)        ; 0           ; 0            ; 0       ; 0         ; 0    ; 0            ; |top|clock_div_2ton:ClockDiv1|dflipflop:DFF1  ; work         ;
;       |dflipflop:DFF20|       ; 2 (2)             ; 2 (2)        ; 0           ; 0            ; 0       ; 0         ; 0    ; 0            ; |top|clock_div_2ton:ClockDiv1|dflipflop:DFF20 ; work         ;
;       |dflipflop:DFF21|       ; 2 (2)             ; 2 (2)        ; 0           ; 0            ; 0       ; 0         ; 0    ; 0            ; |top|clock_div_2ton:ClockDiv1|dflipflop:DFF21 ; work         ;
;       |dflipflop:DFF22|       ; 2 (2)             ; 2 (2)        ; 0           ; 0            ; 0       ; 0         ; 0    ; 0            ; |top|clock_div_2ton:ClockDiv1|dflipflop:DFF22 ; work         ;
;       |dflipflop:DFF23|       ; 2 (2)             ; 2 (2)        ; 0           ; 0            ; 0       ; 0         ; 0    ; 0            ; |top|clock_div_2ton:ClockDiv1|dflipflop:DFF23 ; work         ;
;       |dflipflop:DFF24|       ; 2 (2)             ; 2 (2)        ; 0           ; 0            ; 0       ; 0         ; 0    ; 0            ; |top|clock_div_2ton:ClockDiv1|dflipflop:DFF24 ; work         ;
;       |dflipflop:DFF25|       ; 2 (2)             ; 2 (2)        ; 0           ; 0            ; 0       ; 0         ; 0    ; 0            ; |top|clock_div_2ton:ClockDiv1|dflipflop:DFF25 ; work         ;
;       |dflipflop:DFF26|       ; 2 (2)             ; 2 (2)        ; 0           ; 0            ; 0       ; 0         ; 0    ; 0            ; |top|clock_div_2ton:ClockDiv1|dflipflop:DFF26 ; work         ;
;       |dflipflop:DFF27|       ; 2 (2)             ; 2 (2)        ; 0           ; 0            ; 0       ; 0         ; 0    ; 0            ; |top|clock_div_2ton:ClockDiv1|dflipflop:DFF27 ; work         ;
;       |dflipflop:DFF28|       ; 2 (2)             ; 2 (2)        ; 0           ; 0            ; 0       ; 0         ; 0    ; 0            ; |top|clock_div_2ton:ClockDiv1|dflipflop:DFF28 ; work         ;
;       |dflipflop:DFF29|       ; 2 (2)             ; 2 (2)        ; 0           ; 0            ; 0       ; 0         ; 0    ; 0            ; |top|clock_div_2ton:ClockDiv1|dflipflop:DFF29 ; work         ;
;       |dflipflop:DFF2|        ; 2 (2)             ; 2 (2)        ; 0           ; 0            ; 0       ; 0         ; 0    ; 0            ; |top|clock_div_2ton:ClockDiv1|dflipflop:DFF2  ; work         ;
;       |dflipflop:DFF30|       ; 2 (2)             ; 2 (2)        ; 0           ; 0            ; 0       ; 0         ; 0    ; 0            ; |top|clock_div_2ton:ClockDiv1|dflipflop:DFF30 ; work         ;
;       |dflipflop:DFF31|       ; 1 (1)             ; 1 (1)        ; 0           ; 0            ; 0       ; 0         ; 0    ; 0            ; |top|clock_div_2ton:ClockDiv1|dflipflop:DFF31 ; work         ;
;       |dflipflop:DFF3|        ; 2 (2)             ; 2 (2)        ; 0           ; 0            ; 0       ; 0         ; 0    ; 0            ; |top|clock_div_2ton:ClockDiv1|dflipflop:DFF3  ; work         ;
;       |dflipflop:DFF4|        ; 2 (2)             ; 2 (2)        ; 0           ; 0            ; 0       ; 0         ; 0    ; 0            ; |top|clock_div_2ton:ClockDiv1|dflipflop:DFF4  ; work         ;
;       |dflipflop:DFF5|        ; 2 (2)             ; 2 (2)        ; 0           ; 0            ; 0       ; 0         ; 0    ; 0            ; |top|clock_div_2ton:ClockDiv1|dflipflop:DFF5  ; work         ;
;       |dflipflop:DFF6|        ; 2 (2)             ; 2 (2)        ; 0           ; 0            ; 0       ; 0         ; 0    ; 0            ; |top|clock_div_2ton:ClockDiv1|dflipflop:DFF6  ; work         ;
;       |dflipflop:DFF7|        ; 2 (2)             ; 2 (2)        ; 0           ; 0            ; 0       ; 0         ; 0    ; 0            ; |top|clock_div_2ton:ClockDiv1|dflipflop:DFF7  ; work         ;
;       |dflipflop:DFF8|        ; 2 (2)             ; 2 (2)        ; 0           ; 0            ; 0       ; 0         ; 0    ; 0            ; |top|clock_div_2ton:ClockDiv1|dflipflop:DFF8  ; work         ;
;       |dflipflop:DFF9|        ; 2 (2)             ; 2 (2)        ; 0           ; 0            ; 0       ; 0         ; 0    ; 0            ; |top|clock_div_2ton:ClockDiv1|dflipflop:DFF9  ; work         ;
+-------------------------------+-------------------+--------------+-------------+--------------+---------+-----------+------+--------------+-----------------------------------------------+--------------+
Note: For table entries with two numbers listed, the numbers in parentheses indicate the number of resources of the given type used by the specific entity alone. The numbers listed outside of parentheses indicate the total resources of the given type used by the specific entity and all of its sub-entities in the hierarchy.


Encoding Type:  One-Hot
+------------------------------------------------------------------------------------------------------------------------------------------------------------------------------------------------------------------------------------------------------------------------------------------------------------------------------------------------------------------------------------------------------------------------------------------------------------------------------------------------------------------------------------------------------------------------------------------------------------------------------------------------------------------------------------------------------------------------------------------------------------------------------------+
; State Machine - |top|current_state                                                                                                                                                                                                                                                                                                                                                                                                                                                                                                                                                                                                                                                                                                                                                 ;
+--------------------+--------------------+--------------------+-------------------+-------------------+-------------------+-------------------+-------------------+-------------------+-------------------+-------------------+-------------------+-------------------+------------------+------------------+------------------+------------------+------------------+------------------+------------------+------------------+------------------+------------------+------------------+------------------+------------------+------------------+------------------+------------------+------------------+------------------+------------------+------------------+------------------+------------------+------------------+------------------+------------------+------------------+
; Name               ; current_state.SN11 ; current_state.SN10 ; current_state.SN0 ; current_state.SN9 ; current_state.SN8 ; current_state.SN7 ; current_state.SN6 ; current_state.SN5 ; current_state.SN4 ; current_state.SN3 ; current_state.SN2 ; current_state.SN1 ; current_state.S0 ; current_state.S9 ; current_state.S8 ; current_state.S7 ; current_state.S6 ; current_state.S5 ; current_state.S4 ; current_state.S3 ; current_state.S2 ; current_state.S1 ; current_state.R7 ; current_state.R6 ; current_state.R5 ; current_state.R4 ; current_state.R3 ; current_state.R2 ; current_state.R1 ; current_state.R0 ; current_state.B7 ; current_state.B6 ; current_state.B5 ; current_state.B4 ; current_state.B3 ; current_state.B2 ; current_state.B1 ; current_state.B0 ;
+--------------------+--------------------+--------------------+-------------------+-------------------+-------------------+-------------------+-------------------+-------------------+-------------------+-------------------+-------------------+-------------------+------------------+------------------+------------------+------------------+------------------+------------------+------------------+------------------+------------------+------------------+------------------+------------------+------------------+------------------+------------------+------------------+------------------+------------------+------------------+------------------+------------------+------------------+------------------+------------------+------------------+------------------+
; current_state.B0   ; 0                  ; 0                  ; 0                 ; 0                 ; 0                 ; 0                 ; 0                 ; 0                 ; 0                 ; 0                 ; 0                 ; 0                 ; 0                ; 0                ; 0                ; 0                ; 0                ; 0                ; 0                ; 0                ; 0                ; 0                ; 0                ; 0                ; 0                ; 0                ; 0                ; 0                ; 0                ; 0                ; 0                ; 0                ; 0                ; 0                ; 0                ; 0                ; 0                ; 0                ;
; current_state.B1   ; 0                  ; 0                  ; 0                 ; 0                 ; 0                 ; 0                 ; 0                 ; 0                 ; 0                 ; 0                 ; 0                 ; 0                 ; 0                ; 0                ; 0                ; 0                ; 0                ; 0                ; 0                ; 0                ; 0                ; 0                ; 0                ; 0                ; 0                ; 0                ; 0                ; 0                ; 0                ; 0                ; 0                ; 0                ; 0                ; 0                ; 0                ; 0                ; 1                ; 1                ;
; current_state.B2   ; 0                  ; 0                  ; 0                 ; 0                 ; 0                 ; 0                 ; 0                 ; 0                 ; 0                 ; 0                 ; 0                 ; 0                 ; 0                ; 0                ; 0                ; 0                ; 0                ; 0                ; 0                ; 0                ; 0                ; 0                ; 0                ; 0                ; 0                ; 0                ; 0                ; 0                ; 0                ; 0                ; 0                ; 0                ; 0                ; 0                ; 0                ; 1                ; 0                ; 1                ;
; current_state.B3   ; 0                  ; 0                  ; 0                 ; 0                 ; 0                 ; 0                 ; 0                 ; 0                 ; 0                 ; 0                 ; 0                 ; 0                 ; 0                ; 0                ; 0                ; 0                ; 0                ; 0                ; 0                ; 0                ; 0                ; 0                ; 0                ; 0                ; 0                ; 0                ; 0                ; 0                ; 0                ; 0                ; 0                ; 0                ; 0                ; 0                ; 1                ; 0                ; 0                ; 1                ;
; current_state.B4   ; 0                  ; 0                  ; 0                 ; 0                 ; 0                 ; 0                 ; 0                 ; 0                 ; 0                 ; 0                 ; 0                 ; 0                 ; 0                ; 0                ; 0                ; 0                ; 0                ; 0                ; 0                ; 0                ; 0                ; 0                ; 0                ; 0                ; 0                ; 0                ; 0                ; 0                ; 0                ; 0                ; 0                ; 0                ; 0                ; 1                ; 0                ; 0                ; 0                ; 1                ;
; current_state.B5   ; 0                  ; 0                  ; 0                 ; 0                 ; 0                 ; 0                 ; 0                 ; 0                 ; 0                 ; 0                 ; 0                 ; 0                 ; 0                ; 0                ; 0                ; 0                ; 0                ; 0                ; 0                ; 0                ; 0                ; 0                ; 0                ; 0                ; 0                ; 0                ; 0                ; 0                ; 0                ; 0                ; 0                ; 0                ; 1                ; 0                ; 0                ; 0                ; 0                ; 1                ;
; current_state.B6   ; 0                  ; 0                  ; 0                 ; 0                 ; 0                 ; 0                 ; 0                 ; 0                 ; 0                 ; 0                 ; 0                 ; 0                 ; 0                ; 0                ; 0                ; 0                ; 0                ; 0                ; 0                ; 0                ; 0                ; 0                ; 0                ; 0                ; 0                ; 0                ; 0                ; 0                ; 0                ; 0                ; 0                ; 1                ; 0                ; 0                ; 0                ; 0                ; 0                ; 1                ;
; current_state.B7   ; 0                  ; 0                  ; 0                 ; 0                 ; 0                 ; 0                 ; 0                 ; 0                 ; 0                 ; 0                 ; 0                 ; 0                 ; 0                ; 0                ; 0                ; 0                ; 0                ; 0                ; 0                ; 0                ; 0                ; 0                ; 0                ; 0                ; 0                ; 0                ; 0                ; 0                ; 0                ; 0                ; 1                ; 0                ; 0                ; 0                ; 0                ; 0                ; 0                ; 1                ;
; current_state.R0   ; 0                  ; 0                  ; 0                 ; 0                 ; 0                 ; 0                 ; 0                 ; 0                 ; 0                 ; 0                 ; 0                 ; 0                 ; 0                ; 0                ; 0                ; 0                ; 0                ; 0                ; 0                ; 0                ; 0                ; 0                ; 0                ; 0                ; 0                ; 0                ; 0                ; 0                ; 0                ; 1                ; 0                ; 0                ; 0                ; 0                ; 0                ; 0                ; 0                ; 1                ;
; current_state.R1   ; 0                  ; 0                  ; 0                 ; 0                 ; 0                 ; 0                 ; 0                 ; 0                 ; 0                 ; 0                 ; 0                 ; 0                 ; 0                ; 0                ; 0                ; 0                ; 0                ; 0                ; 0                ; 0                ; 0                ; 0                ; 0                ; 0                ; 0                ; 0                ; 0                ; 0                ; 1                ; 0                ; 0                ; 0                ; 0                ; 0                ; 0                ; 0                ; 0                ; 1                ;
; current_state.R2   ; 0                  ; 0                  ; 0                 ; 0                 ; 0                 ; 0                 ; 0                 ; 0                 ; 0                 ; 0                 ; 0                 ; 0                 ; 0                ; 0                ; 0                ; 0                ; 0                ; 0                ; 0                ; 0                ; 0                ; 0                ; 0                ; 0                ; 0                ; 0                ; 0                ; 1                ; 0                ; 0                ; 0                ; 0                ; 0                ; 0                ; 0                ; 0                ; 0                ; 1                ;
; current_state.R3   ; 0                  ; 0                  ; 0                 ; 0                 ; 0                 ; 0                 ; 0                 ; 0                 ; 0                 ; 0                 ; 0                 ; 0                 ; 0                ; 0                ; 0                ; 0                ; 0                ; 0                ; 0                ; 0                ; 0                ; 0                ; 0                ; 0                ; 0                ; 0                ; 1                ; 0                ; 0                ; 0                ; 0                ; 0                ; 0                ; 0                ; 0                ; 0                ; 0                ; 1                ;
; current_state.R4   ; 0                  ; 0                  ; 0                 ; 0                 ; 0                 ; 0                 ; 0                 ; 0                 ; 0                 ; 0                 ; 0                 ; 0                 ; 0                ; 0                ; 0                ; 0                ; 0                ; 0                ; 0                ; 0                ; 0                ; 0                ; 0                ; 0                ; 0                ; 1                ; 0                ; 0                ; 0                ; 0                ; 0                ; 0                ; 0                ; 0                ; 0                ; 0                ; 0                ; 1                ;
; current_state.R5   ; 0                  ; 0                  ; 0                 ; 0                 ; 0                 ; 0                 ; 0                 ; 0                 ; 0                 ; 0                 ; 0                 ; 0                 ; 0                ; 0                ; 0                ; 0                ; 0                ; 0                ; 0                ; 0                ; 0                ; 0                ; 0                ; 0                ; 1                ; 0                ; 0                ; 0                ; 0                ; 0                ; 0                ; 0                ; 0                ; 0                ; 0                ; 0                ; 0                ; 1                ;
; current_state.R6   ; 0                  ; 0                  ; 0                 ; 0                 ; 0                 ; 0                 ; 0                 ; 0                 ; 0                 ; 0                 ; 0                 ; 0                 ; 0                ; 0                ; 0                ; 0                ; 0                ; 0                ; 0                ; 0                ; 0                ; 0                ; 0                ; 1                ; 0                ; 0                ; 0                ; 0                ; 0                ; 0                ; 0                ; 0                ; 0                ; 0                ; 0                ; 0                ; 0                ; 1                ;
; current_state.R7   ; 0                  ; 0                  ; 0                 ; 0                 ; 0                 ; 0                 ; 0                 ; 0                 ; 0                 ; 0                 ; 0                 ; 0                 ; 0                ; 0                ; 0                ; 0                ; 0                ; 0                ; 0                ; 0                ; 0                ; 0                ; 1                ; 0                ; 0                ; 0                ; 0                ; 0                ; 0                ; 0                ; 0                ; 0                ; 0                ; 0                ; 0                ; 0                ; 0                ; 1                ;
; current_state.S1   ; 0                  ; 0                  ; 0                 ; 0                 ; 0                 ; 0                 ; 0                 ; 0                 ; 0                 ; 0                 ; 0                 ; 0                 ; 0                ; 0                ; 0                ; 0                ; 0                ; 0                ; 0                ; 0                ; 0                ; 1                ; 0                ; 0                ; 0                ; 0                ; 0                ; 0                ; 0                ; 0                ; 0                ; 0                ; 0                ; 0                ; 0                ; 0                ; 0                ; 1                ;
; current_state.S2   ; 0                  ; 0                  ; 0                 ; 0                 ; 0                 ; 0                 ; 0                 ; 0                 ; 0                 ; 0                 ; 0                 ; 0                 ; 0                ; 0                ; 0                ; 0                ; 0                ; 0                ; 0                ; 0                ; 1                ; 0                ; 0                ; 0                ; 0                ; 0                ; 0                ; 0                ; 0                ; 0                ; 0                ; 0                ; 0                ; 0                ; 0                ; 0                ; 0                ; 1                ;
; current_state.S3   ; 0                  ; 0                  ; 0                 ; 0                 ; 0                 ; 0                 ; 0                 ; 0                 ; 0                 ; 0                 ; 0                 ; 0                 ; 0                ; 0                ; 0                ; 0                ; 0                ; 0                ; 0                ; 1                ; 0                ; 0                ; 0                ; 0                ; 0                ; 0                ; 0                ; 0                ; 0                ; 0                ; 0                ; 0                ; 0                ; 0                ; 0                ; 0                ; 0                ; 1                ;
; current_state.S4   ; 0                  ; 0                  ; 0                 ; 0                 ; 0                 ; 0                 ; 0                 ; 0                 ; 0                 ; 0                 ; 0                 ; 0                 ; 0                ; 0                ; 0                ; 0                ; 0                ; 0                ; 1                ; 0                ; 0                ; 0                ; 0                ; 0                ; 0                ; 0                ; 0                ; 0                ; 0                ; 0                ; 0                ; 0                ; 0                ; 0                ; 0                ; 0                ; 0                ; 1                ;
; current_state.S5   ; 0                  ; 0                  ; 0                 ; 0                 ; 0                 ; 0                 ; 0                 ; 0                 ; 0                 ; 0                 ; 0                 ; 0                 ; 0                ; 0                ; 0                ; 0                ; 0                ; 1                ; 0                ; 0                ; 0                ; 0                ; 0                ; 0                ; 0                ; 0                ; 0                ; 0                ; 0                ; 0                ; 0                ; 0                ; 0                ; 0                ; 0                ; 0                ; 0                ; 1                ;
; current_state.S6   ; 0                  ; 0                  ; 0                 ; 0                 ; 0                 ; 0                 ; 0                 ; 0                 ; 0                 ; 0                 ; 0                 ; 0                 ; 0                ; 0                ; 0                ; 0                ; 1                ; 0                ; 0                ; 0                ; 0                ; 0                ; 0                ; 0                ; 0                ; 0                ; 0                ; 0                ; 0                ; 0                ; 0                ; 0                ; 0                ; 0                ; 0                ; 0                ; 0                ; 1                ;
; current_state.S7   ; 0                  ; 0                  ; 0                 ; 0                 ; 0                 ; 0                 ; 0                 ; 0                 ; 0                 ; 0                 ; 0                 ; 0                 ; 0                ; 0                ; 0                ; 1                ; 0                ; 0                ; 0                ; 0                ; 0                ; 0                ; 0                ; 0                ; 0                ; 0                ; 0                ; 0                ; 0                ; 0                ; 0                ; 0                ; 0                ; 0                ; 0                ; 0                ; 0                ; 1                ;
; current_state.S8   ; 0                  ; 0                  ; 0                 ; 0                 ; 0                 ; 0                 ; 0                 ; 0                 ; 0                 ; 0                 ; 0                 ; 0                 ; 0                ; 0                ; 1                ; 0                ; 0                ; 0                ; 0                ; 0                ; 0                ; 0                ; 0                ; 0                ; 0                ; 0                ; 0                ; 0                ; 0                ; 0                ; 0                ; 0                ; 0                ; 0                ; 0                ; 0                ; 0                ; 1                ;
; current_state.S9   ; 0                  ; 0                  ; 0                 ; 0                 ; 0                 ; 0                 ; 0                 ; 0                 ; 0                 ; 0                 ; 0                 ; 0                 ; 0                ; 1                ; 0                ; 0                ; 0                ; 0                ; 0                ; 0                ; 0                ; 0                ; 0                ; 0                ; 0                ; 0                ; 0                ; 0                ; 0                ; 0                ; 0                ; 0                ; 0                ; 0                ; 0                ; 0                ; 0                ; 1                ;
; current_state.S0   ; 0                  ; 0                  ; 0                 ; 0                 ; 0                 ; 0                 ; 0                 ; 0                 ; 0                 ; 0                 ; 0                 ; 0                 ; 1                ; 0                ; 0                ; 0                ; 0                ; 0                ; 0                ; 0                ; 0                ; 0                ; 0                ; 0                ; 0                ; 0                ; 0                ; 0                ; 0                ; 0                ; 0                ; 0                ; 0                ; 0                ; 0                ; 0                ; 0                ; 1                ;
; current_state.SN1  ; 0                  ; 0                  ; 0                 ; 0                 ; 0                 ; 0                 ; 0                 ; 0                 ; 0                 ; 0                 ; 0                 ; 1                 ; 0                ; 0                ; 0                ; 0                ; 0                ; 0                ; 0                ; 0                ; 0                ; 0                ; 0                ; 0                ; 0                ; 0                ; 0                ; 0                ; 0                ; 0                ; 0                ; 0                ; 0                ; 0                ; 0                ; 0                ; 0                ; 1                ;
; current_state.SN2  ; 0                  ; 0                  ; 0                 ; 0                 ; 0                 ; 0                 ; 0                 ; 0                 ; 0                 ; 0                 ; 1                 ; 0                 ; 0                ; 0                ; 0                ; 0                ; 0                ; 0                ; 0                ; 0                ; 0                ; 0                ; 0                ; 0                ; 0                ; 0                ; 0                ; 0                ; 0                ; 0                ; 0                ; 0                ; 0                ; 0                ; 0                ; 0                ; 0                ; 1                ;
; current_state.SN3  ; 0                  ; 0                  ; 0                 ; 0                 ; 0                 ; 0                 ; 0                 ; 0                 ; 0                 ; 1                 ; 0                 ; 0                 ; 0                ; 0                ; 0                ; 0                ; 0                ; 0                ; 0                ; 0                ; 0                ; 0                ; 0                ; 0                ; 0                ; 0                ; 0                ; 0                ; 0                ; 0                ; 0                ; 0                ; 0                ; 0                ; 0                ; 0                ; 0                ; 1                ;
; current_state.SN4  ; 0                  ; 0                  ; 0                 ; 0                 ; 0                 ; 0                 ; 0                 ; 0                 ; 1                 ; 0                 ; 0                 ; 0                 ; 0                ; 0                ; 0                ; 0                ; 0                ; 0                ; 0                ; 0                ; 0                ; 0                ; 0                ; 0                ; 0                ; 0                ; 0                ; 0                ; 0                ; 0                ; 0                ; 0                ; 0                ; 0                ; 0                ; 0                ; 0                ; 1                ;
; current_state.SN5  ; 0                  ; 0                  ; 0                 ; 0                 ; 0                 ; 0                 ; 0                 ; 1                 ; 0                 ; 0                 ; 0                 ; 0                 ; 0                ; 0                ; 0                ; 0                ; 0                ; 0                ; 0                ; 0                ; 0                ; 0                ; 0                ; 0                ; 0                ; 0                ; 0                ; 0                ; 0                ; 0                ; 0                ; 0                ; 0                ; 0                ; 0                ; 0                ; 0                ; 1                ;
; current_state.SN6  ; 0                  ; 0                  ; 0                 ; 0                 ; 0                 ; 0                 ; 1                 ; 0                 ; 0                 ; 0                 ; 0                 ; 0                 ; 0                ; 0                ; 0                ; 0                ; 0                ; 0                ; 0                ; 0                ; 0                ; 0                ; 0                ; 0                ; 0                ; 0                ; 0                ; 0                ; 0                ; 0                ; 0                ; 0                ; 0                ; 0                ; 0                ; 0                ; 0                ; 1                ;
; current_state.SN7  ; 0                  ; 0                  ; 0                 ; 0                 ; 0                 ; 1                 ; 0                 ; 0                 ; 0                 ; 0                 ; 0                 ; 0                 ; 0                ; 0                ; 0                ; 0                ; 0                ; 0                ; 0                ; 0                ; 0                ; 0                ; 0                ; 0                ; 0                ; 0                ; 0                ; 0                ; 0                ; 0                ; 0                ; 0                ; 0                ; 0                ; 0                ; 0                ; 0                ; 1                ;
; current_state.SN8  ; 0                  ; 0                  ; 0                 ; 0                 ; 1                 ; 0                 ; 0                 ; 0                 ; 0                 ; 0                 ; 0                 ; 0                 ; 0                ; 0                ; 0                ; 0                ; 0                ; 0                ; 0                ; 0                ; 0                ; 0                ; 0                ; 0                ; 0                ; 0                ; 0                ; 0                ; 0                ; 0                ; 0                ; 0                ; 0                ; 0                ; 0                ; 0                ; 0                ; 1                ;
; current_state.SN9  ; 0                  ; 0                  ; 0                 ; 1                 ; 0                 ; 0                 ; 0                 ; 0                 ; 0                 ; 0                 ; 0                 ; 0                 ; 0                ; 0                ; 0                ; 0                ; 0                ; 0                ; 0                ; 0                ; 0                ; 0                ; 0                ; 0                ; 0                ; 0                ; 0                ; 0                ; 0                ; 0                ; 0                ; 0                ; 0                ; 0                ; 0                ; 0                ; 0                ; 1                ;
; current_state.SN0  ; 0                  ; 0                  ; 1                 ; 0                 ; 0                 ; 0                 ; 0                 ; 0                 ; 0                 ; 0                 ; 0                 ; 0                 ; 0                ; 0                ; 0                ; 0                ; 0                ; 0                ; 0                ; 0                ; 0                ; 0                ; 0                ; 0                ; 0                ; 0                ; 0                ; 0                ; 0                ; 0                ; 0                ; 0                ; 0                ; 0                ; 0                ; 0                ; 0                ; 1                ;
; current_state.SN10 ; 0                  ; 1                  ; 0                 ; 0                 ; 0                 ; 0                 ; 0                 ; 0                 ; 0                 ; 0                 ; 0                 ; 0                 ; 0                ; 0                ; 0                ; 0                ; 0                ; 0                ; 0                ; 0                ; 0                ; 0                ; 0                ; 0                ; 0                ; 0                ; 0                ; 0                ; 0                ; 0                ; 0                ; 0                ; 0                ; 0                ; 0                ; 0                ; 0                ; 1                ;
; current_state.SN11 ; 1                  ; 0                  ; 0                 ; 0                 ; 0                 ; 0                 ; 0                 ; 0                 ; 0                 ; 0                 ; 0                 ; 0                 ; 0                ; 0                ; 0                ; 0                ; 0                ; 0                ; 0                ; 0                ; 0                ; 0                ; 0                ; 0                ; 0                ; 0                ; 0                ; 0                ; 0                ; 0                ; 0                ; 0                ; 0                ; 0                ; 0                ; 0                ; 0                ; 1                ;
+--------------------+--------------------+--------------------+-------------------+-------------------+-------------------+-------------------+-------------------+-------------------+-------------------+-------------------+-------------------+-------------------+------------------+------------------+------------------+------------------+------------------+------------------+------------------+------------------+------------------+------------------+------------------+------------------+------------------+------------------+------------------+------------------+------------------+------------------+------------------+------------------+------------------+------------------+------------------+------------------+------------------+------------------+


+------------------------------------------------------------------------------------------------------+
; Registers Removed During Synthesis                                                                   ;
+---------------------------------------------+--------------------------------------------------------+
; Register name                               ; Reason for Removal                                     ;
+---------------------------------------------+--------------------------------------------------------+
; clock_div_2ton:ClockDiv1|dflipflop:DFF31|Qn ; Merged with clock_div_2ton:ClockDiv1|dflipflop:DFF31|Q ;
; Total Number of Removed Registers = 1       ;                                                        ;
+---------------------------------------------+--------------------------------------------------------+


+------------------------------------------------------+
; General Register Statistics                          ;
+----------------------------------------------+-------+
; Statistic                                    ; Value ;
+----------------------------------------------+-------+
; Total registers                              ; 101   ;
; Number of registers using Synchronous Clear  ; 0     ;
; Number of registers using Synchronous Load   ; 1     ;
; Number of registers using Asynchronous Clear ; 101   ;
; Number of registers using Asynchronous Load  ; 0     ;
; Number of registers using Clock Enable       ; 0     ;
; Number of registers using Preset             ; 0     ;
+----------------------------------------------+-------+


+-------------------------------------------------------+
; Inverted Register Statistics                          ;
+---------------------------------------------+---------+
; Inverted Register                           ; Fan out ;
+---------------------------------------------+---------+
; clock_div_2ton:ClockDiv1|dflipflop:DFF0|Qn  ; 4       ;
; clock_div_2ton:ClockDiv1|dflipflop:DFF1|Qn  ; 4       ;
; clock_div_2ton:ClockDiv1|dflipflop:DFF2|Qn  ; 4       ;
; clock_div_2ton:ClockDiv1|dflipflop:DFF3|Qn  ; 4       ;
; clock_div_2ton:ClockDiv1|dflipflop:DFF4|Qn  ; 4       ;
; clock_div_2ton:ClockDiv1|dflipflop:DFF5|Qn  ; 4       ;
; clock_div_2ton:ClockDiv1|dflipflop:DFF6|Qn  ; 4       ;
; clock_div_2ton:ClockDiv1|dflipflop:DFF7|Qn  ; 4       ;
; clock_div_2ton:ClockDiv1|dflipflop:DFF8|Qn  ; 4       ;
; clock_div_2ton:ClockDiv1|dflipflop:DFF9|Qn  ; 4       ;
; clock_div_2ton:ClockDiv1|dflipflop:DFF10|Qn ; 4       ;
; clock_div_2ton:ClockDiv1|dflipflop:DFF11|Qn ; 4       ;
; clock_div_2ton:ClockDiv1|dflipflop:DFF12|Qn ; 4       ;
; clock_div_2ton:ClockDiv1|dflipflop:DFF13|Qn ; 4       ;
; clock_div_2ton:ClockDiv1|dflipflop:DFF14|Qn ; 4       ;
; clock_div_2ton:ClockDiv1|dflipflop:DFF15|Qn ; 4       ;
; clock_div_2ton:ClockDiv1|dflipflop:DFF16|Qn ; 4       ;
; clock_div_2ton:ClockDiv1|dflipflop:DFF17|Qn ; 4       ;
; clock_div_2ton:ClockDiv1|dflipflop:DFF18|Qn ; 4       ;
; clock_div_2ton:ClockDiv1|dflipflop:DFF19|Qn ; 4       ;
; clock_div_2ton:ClockDiv1|dflipflop:DFF20|Qn ; 4       ;
; clock_div_2ton:ClockDiv1|dflipflop:DFF21|Qn ; 4       ;
; clock_div_2ton:ClockDiv1|dflipflop:DFF22|Qn ; 4       ;
; clock_div_2ton:ClockDiv1|dflipflop:DFF23|Qn ; 4       ;
; clock_div_2ton:ClockDiv1|dflipflop:DFF24|Qn ; 4       ;
; clock_div_2ton:ClockDiv1|dflipflop:DFF25|Qn ; 4       ;
; clock_div_2ton:ClockDiv1|dflipflop:DFF26|Qn ; 4       ;
; clock_div_2ton:ClockDiv1|dflipflop:DFF27|Qn ; 4       ;
; clock_div_2ton:ClockDiv1|dflipflop:DFF28|Qn ; 4       ;
; clock_div_2ton:ClockDiv1|dflipflop:DFF29|Qn ; 4       ;
; clock_div_2ton:ClockDiv1|dflipflop:DFF30|Qn ; 3       ;
; Total number of inverted registers = 31     ;         ;
+---------------------------------------------+---------+


+----------------------------------------------------------------------------------------------------------------+
; Port Connectivity Checks: "dflipflop:Counter3"                                                                 ;
+------+--------+----------+-------------------------------------------------------------------------------------+
; Port ; Type   ; Severity ; Details                                                                             ;
+------+--------+----------+-------------------------------------------------------------------------------------+
; q    ; Output ; Info     ; Connected to dangling logic. Logic that only feeds a dangling port will be removed. ;
+------+--------+----------+-------------------------------------------------------------------------------------+


+----------------------------------------------------------------------------------------------------------------+
; Port Connectivity Checks: "dflipflop:Counter2"                                                                 ;
+------+--------+----------+-------------------------------------------------------------------------------------+
; Port ; Type   ; Severity ; Details                                                                             ;
+------+--------+----------+-------------------------------------------------------------------------------------+
; q    ; Output ; Info     ; Connected to dangling logic. Logic that only feeds a dangling port will be removed. ;
+------+--------+----------+-------------------------------------------------------------------------------------+


+----------------------------------------------------------------------------------------------------------------+
; Port Connectivity Checks: "dflipflop:Counter1"                                                                 ;
+------+--------+----------+-------------------------------------------------------------------------------------+
; Port ; Type   ; Severity ; Details                                                                             ;
+------+--------+----------+-------------------------------------------------------------------------------------+
; q    ; Output ; Info     ; Connected to dangling logic. Logic that only feeds a dangling port will be removed. ;
+------+--------+----------+-------------------------------------------------------------------------------------+


+----------------------------------------------------------------------------------------------------------------+
; Port Connectivity Checks: "dflipflop:Counter0"                                                                 ;
+------+--------+----------+-------------------------------------------------------------------------------------+
; Port ; Type   ; Severity ; Details                                                                             ;
+------+--------+----------+-------------------------------------------------------------------------------------+
; q    ; Output ; Info     ; Connected to dangling logic. Logic that only feeds a dangling port will be removed. ;
+------+--------+----------+-------------------------------------------------------------------------------------+


+-----------------------------------------------------+
; Post-Synthesis Netlist Statistics for Top Partition ;
+-----------------------+-----------------------------+
; Type                  ; Count                       ;
+-----------------------+-----------------------------+
; boundary_port         ; 66                          ;
; cycloneiii_ff         ; 101                         ;
;     CLR               ; 100                         ;
;     CLR SLD           ; 1                           ;
; cycloneiii_lcell_comb ; 132                         ;
;     normal            ; 132                         ;
;         0 data inputs ; 1                           ;
;         1 data inputs ; 64                          ;
;         2 data inputs ; 8                           ;
;         3 data inputs ; 43                          ;
;         4 data inputs ; 16                          ;
;                       ;                             ;
; Max LUT depth         ; 5.00                        ;
; Average LUT depth     ; 1.88                        ;
+-----------------------+-----------------------------+


+-------------------------------+
; Elapsed Time Per Partition    ;
+----------------+--------------+
; Partition Name ; Elapsed Time ;
+----------------+--------------+
; Top            ; 00:00:00     ;
+----------------+--------------+


+-------------------------------+
; Analysis & Synthesis Messages ;
+-------------------------------+
Info: *******************************************************************
Info: Running Quartus II 64-Bit Analysis & Synthesis
    Info: Version 14.0.0 Build 200 06/17/2014 SJ Full Version
    Info: Processing started: Wed Feb 25 18:10:57 2015
Info: Command: quartus_map --read_settings_files=on --write_settings_files=off Lab05_A -c top
Info (11104): Parallel Compilation has detected 8 hyper-threaded processors. However, the extra hyper-threaded processors will not be used by default. Parallel Compilation will use 4 of the 4 physical processors detected instead.
Info (12021): Found 2 design units, including 1 entities, in source file decoder_7seg_4in.vhd
    Info (12022): Found design unit 1: decoder_7seg_4in-decoder_7seg_4in_arch
    Info (12023): Found entity 1: decoder_7seg_4in
Info (12021): Found 2 design units, including 1 entities, in source file top.vhd
    Info (12022): Found design unit 1: top-top_arch
    Info (12023): Found entity 1: top
Info (12021): Found 2 design units, including 1 entities, in source file dflipflop.vhd
    Info (12022): Found design unit 1: dflipflop-dflipflop_arch
    Info (12023): Found entity 1: dflipflop
Info (12021): Found 2 design units, including 1 entities, in source file clock_div_2ton.vhd
    Info (12022): Found design unit 1: clock_div_2ton-clock_div_2ton_arch
    Info (12023): Found entity 1: clock_div_2ton
Info (12127): Elaborating entity "top" for the top level hierarchy
Warning (10036): Verilog HDL or VHDL warning at top.vhd(47): object "Count" assigned a value but never read
Warning (10492): VHDL Process Statement warning at top.vhd(84): signal "SW1" is read inside the Process Statement but isn't in the Process Statement's sensitivity list
Warning (10492): VHDL Process Statement warning at top.vhd(86): signal "SW1" is read inside the Process Statement but isn't in the Process Statement's sensitivity list
Warning (10492): VHDL Process Statement warning at top.vhd(89): signal "SW1" is read inside the Process Statement but isn't in the Process Statement's sensitivity list
Warning (10492): VHDL Process Statement warning at top.vhd(91): signal "SW1" is read inside the Process Statement but isn't in the Process Statement's sensitivity list
Warning (10492): VHDL Process Statement warning at top.vhd(94): signal "SW1" is read inside the Process Statement but isn't in the Process Statement's sensitivity list
Warning (10492): VHDL Process Statement warning at top.vhd(96): signal "SW1" is read inside the Process Statement but isn't in the Process Statement's sensitivity list
Warning (10492): VHDL Process Statement warning at top.vhd(99): signal "SW1" is read inside the Process Statement but isn't in the Process Statement's sensitivity list
Warning (10492): VHDL Process Statement warning at top.vhd(101): signal "SW1" is read inside the Process Statement but isn't in the Process Statement's sensitivity list
Warning (10492): VHDL Process Statement warning at top.vhd(104): signal "SW1" is read inside the Process Statement but isn't in the Process Statement's sensitivity list
Warning (10492): VHDL Process Statement warning at top.vhd(106): signal "SW1" is read inside the Process Statement but isn't in the Process Statement's sensitivity list
Warning (10492): VHDL Process Statement warning at top.vhd(109): signal "SW1" is read inside the Process Statement but isn't in the Process Statement's sensitivity list
Warning (10492): VHDL Process Statement warning at top.vhd(111): signal "SW1" is read inside the Process Statement but isn't in the Process Statement's sensitivity list
Warning (10492): VHDL Process Statement warning at top.vhd(114): signal "SW1" is read inside the Process Statement but isn't in the Process Statement's sensitivity list
Warning (10492): VHDL Process Statement warning at top.vhd(116): signal "SW1" is read inside the Process Statement but isn't in the Process Statement's sensitivity list
Warning (10492): VHDL Process Statement warning at top.vhd(119): signal "SW1" is read inside the Process Statement but isn't in the Process Statement's sensitivity list
Warning (10492): VHDL Process Statement warning at top.vhd(121): signal "SW1" is read inside the Process Statement but isn't in the Process Statement's sensitivity list
Warning (10492): VHDL Process Statement warning at top.vhd(125): signal "SW1" is read inside the Process Statement but isn't in the Process Statement's sensitivity list
Warning (10492): VHDL Process Statement warning at top.vhd(127): signal "SW1" is read inside the Process Statement but isn't in the Process Statement's sensitivity list
Warning (10492): VHDL Process Statement warning at top.vhd(130): signal "SW1" is read inside the Process Statement but isn't in the Process Statement's sensitivity list
Warning (10492): VHDL Process Statement warning at top.vhd(132): signal "SW1" is read inside the Process Statement but isn't in the Process Statement's sensitivity list
Warning (10492): VHDL Process Statement warning at top.vhd(135): signal "SW1" is read inside the Process Statement but isn't in the Process Statement's sensitivity list
Warning (10492): VHDL Process Statement warning at top.vhd(137): signal "SW1" is read inside the Process Statement but isn't in the Process Statement's sensitivity list
Warning (10492): VHDL Process Statement warning at top.vhd(140): signal "SW1" is read inside the Process Statement but isn't in the Process Statement's sensitivity list
Warning (10492): VHDL Process Statement warning at top.vhd(142): signal "SW1" is read inside the Process Statement but isn't in the Process Statement's sensitivity list
Warning (10492): VHDL Process Statement warning at top.vhd(145): signal "SW1" is read inside the Process Statement but isn't in the Process Statement's sensitivity list
Warning (10492): VHDL Process Statement warning at top.vhd(147): signal "SW1" is read inside the Process Statement but isn't in the Process Statement's sensitivity list
Warning (10492): VHDL Process Statement warning at top.vhd(150): signal "SW1" is read inside the Process Statement but isn't in the Process Statement's sensitivity list
Warning (10492): VHDL Process Statement warning at top.vhd(152): signal "SW1" is read inside the Process Statement but isn't in the Process Statement's sensitivity list
Warning (10492): VHDL Process Statement warning at top.vhd(155): signal "SW1" is read inside the Process Statement but isn't in the Process Statement's sensitivity list
Warning (10492): VHDL Process Statement warning at top.vhd(157): signal "SW1" is read inside the Process Statement but isn't in the Process Statement's sensitivity list
Warning (10492): VHDL Process Statement warning at top.vhd(160): signal "SW1" is read inside the Process Statement but isn't in the Process Statement's sensitivity list
Warning (10492): VHDL Process Statement warning at top.vhd(162): signal "SW1" is read inside the Process Statement but isn't in the Process Statement's sensitivity list
Warning (10492): VHDL Process Statement warning at top.vhd(166): signal "SW1" is read inside the Process Statement but isn't in the Process Statement's sensitivity list
Warning (10492): VHDL Process Statement warning at top.vhd(168): signal "SW1" is read inside the Process Statement but isn't in the Process Statement's sensitivity list
Warning (10492): VHDL Process Statement warning at top.vhd(171): signal "SW1" is read inside the Process Statement but isn't in the Process Statement's sensitivity list
Warning (10492): VHDL Process Statement warning at top.vhd(173): signal "SW1" is read inside the Process Statement but isn't in the Process Statement's sensitivity list
Warning (10492): VHDL Process Statement warning at top.vhd(176): signal "SW1" is read inside the Process Statement but isn't in the Process Statement's sensitivity list
Warning (10492): VHDL Process Statement warning at top.vhd(178): signal "SW1" is read inside the Process Statement but isn't in the Process Statement's sensitivity list
Warning (10492): VHDL Process Statement warning at top.vhd(181): signal "SW1" is read inside the Process Statement but isn't in the Process Statement's sensitivity list
Warning (10492): VHDL Process Statement warning at top.vhd(183): signal "SW1" is read inside the Process Statement but isn't in the Process Statement's sensitivity list
Warning (10492): VHDL Process Statement warning at top.vhd(186): signal "SW1" is read inside the Process Statement but isn't in the Process Statement's sensitivity list
Warning (10492): VHDL Process Statement warning at top.vhd(188): signal "SW1" is read inside the Process Statement but isn't in the Process Statement's sensitivity list
Warning (10492): VHDL Process Statement warning at top.vhd(191): signal "SW1" is read inside the Process Statement but isn't in the Process Statement's sensitivity list
Warning (10492): VHDL Process Statement warning at top.vhd(193): signal "SW1" is read inside the Process Statement but isn't in the Process Statement's sensitivity list
Warning (10492): VHDL Process Statement warning at top.vhd(196): signal "SW1" is read inside the Process Statement but isn't in the Process Statement's sensitivity list
Warning (10492): VHDL Process Statement warning at top.vhd(198): signal "SW1" is read inside the Process Statement but isn't in the Process Statement's sensitivity list
Warning (10492): VHDL Process Statement warning at top.vhd(201): signal "SW1" is read inside the Process Statement but isn't in the Process Statement's sensitivity list
Warning (10492): VHDL Process Statement warning at top.vhd(203): signal "SW1" is read inside the Process Statement but isn't in the Process Statement's sensitivity list
Warning (10492): VHDL Process Statement warning at top.vhd(206): signal "SW1" is read inside the Process Statement but isn't in the Process Statement's sensitivity list
Warning (10492): VHDL Process Statement warning at top.vhd(208): signal "SW1" is read inside the Process Statement but isn't in the Process Statement's sensitivity list
Warning (10492): VHDL Process Statement warning at top.vhd(211): signal "SW1" is read inside the Process Statement but isn't in the Process Statement's sensitivity list
Warning (10492): VHDL Process Statement warning at top.vhd(213): signal "SW1" is read inside the Process Statement but isn't in the Process Statement's sensitivity list
Warning (10492): VHDL Process Statement warning at top.vhd(218): signal "SW1" is read inside the Process Statement but isn't in the Process Statement's sensitivity list
Warning (10492): VHDL Process Statement warning at top.vhd(220): signal "SW1" is read inside the Process Statement but isn't in the Process Statement's sensitivity list
Warning (10492): VHDL Process Statement warning at top.vhd(223): signal "SW1" is read inside the Process Statement but isn't in the Process Statement's sensitivity list
Warning (10492): VHDL Process Statement warning at top.vhd(225): signal "SW1" is read inside the Process Statement but isn't in the Process Statement's sensitivity list
Warning (10492): VHDL Process Statement warning at top.vhd(228): signal "SW1" is read inside the Process Statement but isn't in the Process Statement's sensitivity list
Warning (10492): VHDL Process Statement warning at top.vhd(230): signal "SW1" is read inside the Process Statement but isn't in the Process Statement's sensitivity list
Warning (10492): VHDL Process Statement warning at top.vhd(233): signal "SW1" is read inside the Process Statement but isn't in the Process Statement's sensitivity list
Warning (10492): VHDL Process Statement warning at top.vhd(235): signal "SW1" is read inside the Process Statement but isn't in the Process Statement's sensitivity list
Warning (10492): VHDL Process Statement warning at top.vhd(238): signal "SW1" is read inside the Process Statement but isn't in the Process Statement's sensitivity list
Warning (10492): VHDL Process Statement warning at top.vhd(240): signal "SW1" is read inside the Process Statement but isn't in the Process Statement's sensitivity list
Warning (10492): VHDL Process Statement warning at top.vhd(243): signal "SW1" is read inside the Process Statement but isn't in the Process Statement's sensitivity list
Warning (10492): VHDL Process Statement warning at top.vhd(245): signal "SW1" is read inside the Process Statement but isn't in the Process Statement's sensitivity list
Warning (10492): VHDL Process Statement warning at top.vhd(248): signal "SW1" is read inside the Process Statement but isn't in the Process Statement's sensitivity list
Warning (10492): VHDL Process Statement warning at top.vhd(250): signal "SW1" is read inside the Process Statement but isn't in the Process Statement's sensitivity list
Warning (10492): VHDL Process Statement warning at top.vhd(253): signal "SW1" is read inside the Process Statement but isn't in the Process Statement's sensitivity list
Warning (10492): VHDL Process Statement warning at top.vhd(255): signal "SW1" is read inside the Process Statement but isn't in the Process Statement's sensitivity list
Warning (10492): VHDL Process Statement warning at top.vhd(258): signal "SW1" is read inside the Process Statement but isn't in the Process Statement's sensitivity list
Warning (10492): VHDL Process Statement warning at top.vhd(260): signal "SW1" is read inside the Process Statement but isn't in the Process Statement's sensitivity list
Warning (10492): VHDL Process Statement warning at top.vhd(263): signal "SW1" is read inside the Process Statement but isn't in the Process Statement's sensitivity list
Warning (10492): VHDL Process Statement warning at top.vhd(265): signal "SW1" is read inside the Process Statement but isn't in the Process Statement's sensitivity list
Warning (10492): VHDL Process Statement warning at top.vhd(268): signal "SW1" is read inside the Process Statement but isn't in the Process Statement's sensitivity list
Warning (10492): VHDL Process Statement warning at top.vhd(270): signal "SW1" is read inside the Process Statement but isn't in the Process Statement's sensitivity list
Warning (10492): VHDL Process Statement warning at top.vhd(273): signal "SW1" is read inside the Process Statement but isn't in the Process Statement's sensitivity list
Warning (10492): VHDL Process Statement warning at top.vhd(275): signal "SW1" is read inside the Process Statement but isn't in the Process Statement's sensitivity list
Warning (10631): VHDL Process Statement warning at top.vhd(80): inferring latch(es) for signal or variable "next_state", which holds its previous value in one or more paths through the process
Info (12128): Elaborating entity "clock_div_2ton" for hierarchy "clock_div_2ton:ClockDiv1"
Warning (10492): VHDL Process Statement warning at clock_div_2ton.vhd(98): signal "Clock_in" is read inside the Process Statement but isn't in the Process Statement's sensitivity list
Info (12128): Elaborating entity "dflipflop" for hierarchy "clock_div_2ton:ClockDiv1|dflipflop:DFF0"
Warning (19016): Clock multiplexers are found and protected
    Warning (19017): Found clock multiplexer clock_div_2ton:ClockDiv1|Mux0
Info (13000): Registers with preset signals will power-up high
Info (13003): DEV_CLRn pin will set, and not reset, register with preset signal due to NOT Gate Push-Back
Warning (13024): Output pins are stuck at VCC or GND
    Warning (13410): Pin "LED17[0]" is stuck at GND
    Warning (13410): Pin "LED17[1]" is stuck at GND
    Warning (13410): Pin "LED17[5]" is stuck at GND
    Warning (13410): Pin "LED17[6]" is stuck at GND
    Warning (13410): Pin "LED18[0]" is stuck at GND
    Warning (13410): Pin "LED18[1]" is stuck at GND
    Warning (13410): Pin "LED18[5]" is stuck at GND
    Warning (13410): Pin "LED18[6]" is stuck at GND
    Warning (13410): Pin "LED19[0]" is stuck at GND
    Warning (13410): Pin "LED19[1]" is stuck at GND
    Warning (13410): Pin "LED19[5]" is stuck at GND
    Warning (13410): Pin "LED19[6]" is stuck at GND
    Warning (13410): Pin "LED20[0]" is stuck at GND
    Warning (13410): Pin "LED20[1]" is stuck at GND
    Warning (13410): Pin "LED20[5]" is stuck at GND
    Warning (13410): Pin "LED20[6]" is stuck at GND
Info (286030): Timing-Driven Synthesis is running
Info (16010): Generating hard_block partition "hard_block:auto_generated_inst"
    Info (16011): Adding 0 node(s), including 0 DDIO, 0 PLL, 0 transceiver and 0 LCELL
Warning (21074): Design contains 10 input pin(s) that do not drive logic
    Warning (15610): No output dependent on input pin "SW1[0]"
    Warning (15610): No output dependent on input pin "SW1[1]"
    Warning (15610): No output dependent on input pin "SW1[2]"
    Warning (15610): No output dependent on input pin "SW1[3]"
    Warning (15610): No output dependent on input pin "SW1[4]"
    Warning (15610): No output dependent on input pin "SW1[5]"
    Warning (15610): No output dependent on input pin "SW1[6]"
    Warning (15610): No output dependent on input pin "SW2[5]"
    Warning (15610): No output dependent on input pin "SW2[6]"
    Warning (15610): No output dependent on input pin "SW2[7]"
Info (21057): Implemented 196 device resources after synthesis - the final resource count might be different
    Info (21058): Implemented 18 input pins
    Info (21059): Implemented 48 output pins
    Info (21061): Implemented 130 logic cells
Info: Quartus II 64-Bit Analysis & Synthesis was successful. 0 errors, 109 warnings
    Info: Peak virtual memory: 607 megabytes
    Info: Processing ended: Wed Feb 25 18:11:01 2015
    Info: Elapsed time: 00:00:04
    Info: Total CPU time (on all processors): 00:00:02


